Flutter crash report; please file at https://github.com/flutter/flutter/issues.

## command

flutter attach --machine -d 42008657e069a3bb

## exception

ArgumentError: Invalid argument(s): The source must not be null

```
#0      int.tryParse (dart:core-patch/integers_patch.dart:107:25)
#1      _AdbLogReader._start (package:flutter_tools/src/android/android_device.dart:867:32)
<asynchronous suspension>
#2      _runGuarded (dart:async/stream_controller.dart:807:24)
#3      _BroadcastStreamController._subscribe (dart:async/broadcast_stream_controller.dart:215:7)
#4      _ControllerStream._createSubscription (dart:async/stream_controller.dart:820:19)
#5      _StreamImpl.listen (dart:async/stream_impl.dart:474:9)
#6      new ProtocolDiscovery._ (package:flutter_tools/src/protocol_discovery.dart:26:49)
#7      new ProtocolDiscovery.observatory (package:flutter_tools/src/protocol_discovery.dart:42:30)
#8      AttachCommand._attachToDevice (package:flutter_tools/src/commands/attach.dart:250:29)
<asynchronous suspension>
#9      AttachCommand.runCommand.<anonymous closure> (package:flutter_tools/src/commands/attach.dart:177:19)
#10     AppContext.run.<anonymous closure> (package:flutter_tools/src/base/context.dart:146:29)
#11     _rootRun (dart:async/zone.dart:1126:13)
#12     _CustomZone.run (dart:async/zone.dart:1023:19)
#13     _runZoned (dart:async/zone.dart:1518:10)
#14     runZoned (dart:async/zone.dart:1465:12)
#15     AppContext.run (package:flutter_tools/src/base/context.dart:145:18)
#16     AttachCommand.runCommand (package:flutter_tools/src/commands/attach.dart:176:19)
<asynchronous suspension>
#17     FlutterCommand.verifyThenRunCommand (package:flutter_tools/src/runner/flutter_command.dart:615:18)
#18     _asyncThenWrapperHelper.<anonymous closure> (dart:async-patch/async_patch.dart:73:64)
#19     _rootRunUnary (dart:async/zone.dart:1134:38)
#20     _CustomZone.runUnary (dart:async/zone.dart:1031:19)
#21     _FutureListener.handleValue (dart:async/future_impl.dart:139:18)
#22     Future._propagateToListeners.handleValueCallback (dart:async/future_impl.dart:680:45)
#23     Future._propagateToListeners (dart:async/future_impl.dart:709:32)
#24     Future._completeWithValue (dart:async/future_impl.dart:524:5)
#25     Future._asyncComplete.<anonymous closure> (dart:async/future_impl.dart:554:7)
#26     _rootRun (dart:async/zone.dart:1126:13)
#27     _CustomZone.run (dart:async/zone.dart:1023:19)
#28     _CustomZone.runGuarded (dart:async/zone.dart:925:7)
#29     _CustomZone.bindCallbackGuarded.<anonymous closure> (dart:async/zone.dart:965:23)
#30     _microtaskLoop (dart:async/schedule_microtask.dart:43:21)
#31     _startMicrotaskLoop (dart:async/schedule_microtask.dart:52:5)
#32     _runPendingImmediateCallback (dart:isolate-patch/isolate_patch.dart:118:13)
#33     _RawReceivePortImpl._handleMessage (dart:isolate-patch/isolate_patch.dart:175:5)
```

## flutter doctor

```
[✓] Flutter (Channel stable, v1.12.13+hotfix.8, on Linux, locale es_MX.UTF-8)
    • Flutter version 1.12.13+hotfix.8 at /opt/flutter
    • Framework revision 0b8abb4724 (hace 5 semanas), 2020-02-11 11:44:36 -0800
    • Engine revision e1e6ced81d
    • Dart version 2.7.0

[✓] Android toolchain - develop for Android devices (Android SDK version 29.0.3)
    • Android SDK at /home/carlos/Android/Sdk
    • Android NDK location not configured (optional; useful for native profiling support)
    • Platform android-29, build-tools 29.0.3
    • Java binary at: /opt/android-studio/jre/bin/java
    • Java version OpenJDK Runtime Environment (build 1.8.0_202-release-1483-b49-5587405)
    • All Android licenses accepted.

[✓] Android Studio (version 3.5)
    • Android Studio at /opt/android-studio
    • Flutter plugin version 44.0.1
    • Dart plugin version 191.8593
    • Java version OpenJDK Runtime Environment (build 1.8.0_202-release-1483-b49-5587405)

[✓] VS Code (version 1.41.1)
    • VS Code at /usr/share/code
    • Flutter extension version 3.5.1

[✓] Connected device (1 available)
    • 42008657e069a3bb • 42008657e069a3bb • android-arm • Android null (API null)

• No issues found!
```
