Flutter crash report; please file at https://github.com/flutter/flutter/issues.

## command

flutter run --machine --target lib/main.dart -d 42008657e069a3bb --track-widget-creation --start-paused

## exception

FileSystemException: FileSystemException: Cannot open file, path = '/opt/flutter/.pub-cache/hosted/pub.dartlang.org/stream_channel-2.0.0/pubspec.yaml' (OS Error: Permission denied, errno = 13)

```
#0      _File.throwIfError (dart:io/file_impl.dart:645:7)
#1      _File.openSync (dart:io/file_impl.dart:489:5)
#2      _File.readAsBytesSync (dart:io/file_impl.dart:549:18)
#3      _File.readAsStringSync (dart:io/file_impl.dart:594:18)
#4      ForwardingFile.readAsStringSync (package:file/src/forwarding/forwarding_file.dart:103:16)
#5      _pluginFromPubspec (package:flutter_tools/src/plugins.dart:271:57)
#6      findPlugins.<anonymous closure> (package:flutter_tools/src/plugins.dart:305:27)
#7      _LinkedHashMapMixin.forEach (dart:collection-patch/compact_hash.dart:379:8)
#8      findPlugins (package:flutter_tools/src/plugins.dart:303:12)
#9      refreshPluginsList (package:flutter_tools/src/plugins.dart:783:32)
#10     FlutterProject.ensureReadyForPlatformSpecificTooling (package:flutter_tools/src/project.dart:208:5)
#11     FlutterCommand.verifyThenRunCommand (package:flutter_tools/src/runner/flutter_command.dart:601:21)
<asynchronous suspension>
#12     FlutterCommand.run.<anonymous closure> (package:flutter_tools/src/runner/flutter_command.dart:515:33)
<asynchronous suspension>
#13     AppContext.run.<anonymous closure> (package:flutter_tools/src/base/context.dart:146:29)
#14     _rootRun (dart:async/zone.dart:1126:13)
#15     _CustomZone.run (dart:async/zone.dart:1023:19)
#16     _runZoned (dart:async/zone.dart:1518:10)
#17     runZoned (dart:async/zone.dart:1465:12)
#18     AppContext.run (package:flutter_tools/src/base/context.dart:145:18)
#19     FlutterCommand.run (package:flutter_tools/src/runner/flutter_command.dart:505:20)
#20     CommandRunner.runCommand (package:args/command_runner.dart:197:27)
#21     FlutterCommandRunner.runCommand.<anonymous closure> (package:flutter_tools/src/runner/flutter_command_runner.dart:413:21)
<asynchronous suspension>
#22     AppContext.run.<anonymous closure> (package:flutter_tools/src/base/context.dart:146:29)
#23     _rootRun (dart:async/zone.dart:1126:13)
#24     _CustomZone.run (dart:async/zone.dart:1023:19)
#25     _runZoned (dart:async/zone.dart:1518:10)
#26     runZoned (dart:async/zone.dart:1465:12)
#27     AppContext.run (package:flutter_tools/src/base/context.dart:145:18)
#28     FlutterCommandRunner.runCommand (package:flutter_tools/src/runner/flutter_command_runner.dart:364:19)
#29     CommandRunner.run.<anonymous closure> (package:args/command_runner.dart:112:25)
#30     new Future.sync (dart:async/future.dart:224:31)
#31     CommandRunner.run (package:args/command_runner.dart:112:14)
#32     FlutterCommandRunner.run (package:flutter_tools/src/runner/flutter_command_runner.dart:250:18)
#33     run.<anonymous closure>.<anonymous closure> (package:flutter_tools/runner.dart:63:22)
#34     _rootRun (dart:async/zone.dart:1126:13)
#35     _CustomZone.run (dart:async/zone.dart:1023:19)
#36     _runZoned (dart:async/zone.dart:1518:10)
#37     runZoned (dart:async/zone.dart:1502:12)
#38     run.<anonymous closure> (package:flutter_tools/runner.dart:61:18)
<asynchronous suspension>
#39     AppContext.run.<anonymous closure> (package:flutter_tools/src/base/context.dart:146:29)
#40     _rootRun (dart:async/zone.dart:1126:13)
#41     _CustomZone.run (dart:async/zone.dart:1023:19)
#42     _runZoned (dart:async/zone.dart:1518:10)
#43     runZoned (dart:async/zone.dart:1465:12)
#44     AppContext.run (package:flutter_tools/src/base/context.dart:145:18)
#45     runInContext (package:flutter_tools/src/context_runner.dart:64:24)
#46     run (package:flutter_tools/runner.dart:50:10)
#47     main (package:flutter_tools/executable.dart:65:9)
#48     main (file:///b/s/w/ir/k/archive/flutter/packages/flutter_tools/bin/flutter_tools.dart:8:3)
#49     _startIsolate.<anonymous closure> (dart:isolate-patch/isolate_patch.dart:305:32)
#50     _RawReceivePortImpl._handleMessage (dart:isolate-patch/isolate_patch.dart:174:12)
```

## flutter doctor

```
[✓] Flutter (Channel stable, v1.12.13+hotfix.8, on Linux, locale es_MX.UTF-8)
    • Flutter version 1.12.13+hotfix.8 at /opt/flutter
    • Framework revision 0b8abb4724 (hace 5 semanas), 2020-02-11 11:44:36 -0800
    • Engine revision e1e6ced81d
    • Dart version 2.7.0

[✓] Android toolchain - develop for Android devices (Android SDK version 29.0.3)
    • Android SDK at /home/carlos/Android/Sdk
    • Android NDK location not configured (optional; useful for native profiling support)
    • Platform android-29, build-tools 29.0.3
    • Java binary at: /opt/android-studio/jre/bin/java
    • Java version OpenJDK Runtime Environment (build 1.8.0_202-release-1483-b49-5587405)
    • All Android licenses accepted.

[!] Android Studio
    • Android Studio at /opt/android-studio
    ✗ Flutter plugin not installed; this adds Flutter specific functionality.
    ✗ Dart plugin not installed; this adds Dart specific functionality.
    • Java version OpenJDK Runtime Environment (build 1.8.0_202-release-1483-b49-5587405)

[✓] VS Code (version 1.43.1)
    • VS Code at /usr/share/code
    • Flutter extension version 3.8.1

[✓] Connected device (1 available)
    • SM G532M • 42008657e069a3bb • android-arm • Android 6.0.1 (API 23)

! Doctor found issues in 1 category.
```
